{"name":"setUpClass","status":"broken","statusDetails":{"known":false,"muted":false,"flaky":false,"message":"Failed to parse resource at: file:///C:/Users/VJAGUPIL/eclipse-workspace/Vyshnavi_46194588_Mcdonalds/src/test/resources/Features/Login.feature","trace":"io.cucumber.core.gherkin.FeatureParserException: Failed to parse resource at: file:///C:/Users/VJAGUPIL/eclipse-workspace/Vyshnavi_46194588_Mcdonalds/src/test/resources/Features/Login.feature\r\n\tat io.cucumber.core.gherkin.vintage.GherkinVintageFeatureParser.parseGherkin5(GherkinVintageFeatureParser.java:40)\r\n\tat io.cucumber.core.gherkin.vintage.GherkinVintageFeatureParser.parse(GherkinVintageFeatureParser.java:58)\r\n\tat io.cucumber.core.feature.FeatureParser.parseResource(FeatureParser.java:44)\r\n\tat java.base/java.util.function.BiFunction.lambda$andThen$0(BiFunction.java:70)\r\n\tat io.cucumber.core.resource.ResourceScanner.lambda$processResource$2(ResourceScanner.java:126)\r\n\tat io.cucumber.core.resource.PathScanner$ResourceFileVisitor.visitFile(PathScanner.java:67)\r\n\tat io.cucumber.core.resource.PathScanner$ResourceFileVisitor.visitFile(PathScanner.java:52)\r\n\tat java.base/java.nio.file.Files.walkFileTree(Files.java:2811)\r\n\tat java.base/java.nio.file.Files.walkFileTree(Files.java:2882)\r\n\tat io.cucumber.core.resource.PathScanner.findResourcesForPath(PathScanner.java:46)\r\n\tat io.cucumber.core.resource.PathScanner.findResourcesForUri(PathScanner.java:26)\r\n\tat io.cucumber.core.resource.ResourceScanner.findResourcesForUri(ResourceScanner.java:109)\r\n\tat io.cucumber.core.resource.ResourceScanner.scanForResourcesUri(ResourceScanner.java:86)\r\n\tat io.cucumber.core.runtime.FeaturePathFeatureSupplier.loadFeatures(FeaturePathFeatureSupplier.java:61)\r\n\tat io.cucumber.core.runtime.FeaturePathFeatureSupplier.get(FeaturePathFeatureSupplier.java:45)\r\n\tat io.cucumber.testng.TestNGCucumberRunner.<init>(TestNGCucumberRunner.java:114)\r\n\tat io.cucumber.testng.AbstractTestNGCucumberTests.setUpClass(AbstractTestNGCucumberTests.java:22)\r\n\tat java.base/jdk.internal.reflect.NativeMethodAccessorImpl.invoke0(Native Method)\r\n\tat java.base/jdk.internal.reflect.NativeMethodAccessorImpl.invoke(NativeMethodAccessorImpl.java:77)\r\n\tat java.base/jdk.internal.reflect.DelegatingMethodAccessorImpl.invoke(DelegatingMethodAccessorImpl.java:43)\r\n\tat java.base/java.lang.reflect.Method.invoke(Method.java:568)\r\n\tat org.testng.internal.MethodInvocationHelper.invokeMethod(MethodInvocationHelper.java:133)\r\n\tat org.testng.internal.MethodInvocationHelper.invokeMethodConsideringTimeout(MethodInvocationHelper.java:62)\r\n\tat org.testng.internal.ConfigInvoker.invokeConfigurationMethod(ConfigInvoker.java:385)\r\n\tat org.testng.internal.ConfigInvoker.invokeConfigurations(ConfigInvoker.java:321)\r\n\tat org.testng.internal.TestMethodWorker.invokeBeforeClassMethods(TestMethodWorker.java:176)\r\n\tat org.testng.internal.TestMethodWorker.run(TestMethodWorker.java:122)\r\n\tat java.base/java.util.ArrayList.forEach(ArrayList.java:1511)\r\n\tat org.testng.TestRunner.privateRun(TestRunner.java:794)\r\n\tat org.testng.TestRunner.run(TestRunner.java:596)\r\n\tat org.testng.SuiteRunner.runTest(SuiteRunner.java:377)\r\n\tat org.testng.SuiteRunner.runSequentially(SuiteRunner.java:371)\r\n\tat org.testng.SuiteRunner.privateRun(SuiteRunner.java:332)\r\n\tat org.testng.SuiteRunner.run(SuiteRunner.java:276)\r\n\tat org.testng.SuiteRunnerWorker.runSuite(SuiteRunnerWorker.java:53)\r\n\tat org.testng.SuiteRunnerWorker.run(SuiteRunnerWorker.java:96)\r\n\tat org.testng.TestNG.runSuitesSequentially(TestNG.java:1212)\r\n\tat org.testng.TestNG.runSuitesLocally(TestNG.java:1134)\r\n\tat org.testng.TestNG.runSuites(TestNG.java:1063)\r\n\tat org.testng.TestNG.run(TestNG.java:1031)\r\n\tat org.testng.remote.AbstractRemoteTestNG.run(AbstractRemoteTestNG.java:115)\r\n\tat org.testng.remote.RemoteTestNG.initAndRun(RemoteTestNG.java:251)\r\n\tat org.testng.remote.RemoteTestNG.main(RemoteTestNG.java:77)\r\nCaused by: io.cucumber.core.gherkin.vintage.internal.gherkin.ParserException$CompositeParserException: Parser errors:\n(2:1): expected: #EOF, #Language, #TagLine, #FeatureLine, #Comment, #Empty, got '/*Feature: Test login functionality'\n(9:1): expected: #EOF, #Language, #TagLine, #FeatureLine, #Comment, #Empty, got 'Scenario Outline: Check login is successful or not'\n(10:1): expected: #EOF, #Language, #TagLine, #FeatureLine, #Comment, #Empty, got 'Given Open the browser \"https://www.mcdelivery.co.in/\"'\n(11:1): expected: #EOF, #Language, #TagLine, #FeatureLine, #Comment, #Empty, got 'And user is on Login page'\n(12:1): expected: #EOF, #Language, #TagLine, #FeatureLine, #Comment, #Empty, got 'When user enters '<mobilenumber>' and '<password>''\n(13:1): expected: #EOF, #Language, #TagLine, #FeatureLine, #Comment, #Empty, got 'And user click on login button'\n(14:1): expected: #EOF, #Language, #TagLine, #FeatureLine, #Comment, #Empty, got 'Then user is navigating to the home page*/'\n(17:1): expected: #EOF, #Language, #TagLine, #FeatureLine, #Comment, #Empty, got 'Examples:'\n(18:1): expected: #EOF, #Language, #TagLine, #FeatureLine, #Comment, #Empty, got '| mobilenumber | password |'\n(19:1): expected: #EOF, #Language, #TagLine, #FeatureLine, #Comment, #Empty, got '| \"9177512110\" | \"Vyshu@78\" |'\r\n\tat io.cucumber.core.gherkin.vintage.internal.gherkin.Parser.parse(Parser.java:143)\r\n\tat io.cucumber.core.gherkin.vintage.internal.gherkin.Parser.parse(Parser.java:118)\r\n\tat io.cucumber.core.gherkin.vintage.internal.gherkin.Parser.parse(Parser.java:114)\r\n\tat io.cucumber.core.gherkin.vintage.GherkinVintageFeatureParser.parseGherkin5(GherkinVintageFeatureParser.java:29)\r\n\t... 42 more\r\n"},"stage":"finished","steps":[],"attachments":[],"parameters":[],"start":1649929474292,"stop":1649929474295,"uuid":"bb4d2968-f7cd-4fc9-a2bd-9201d8ba525c","historyId":"a2ba344f0a12beb12e19d84f6fac5ca9","fullName":"io.cucumber.testng.AbstractTestNGCucumberTests.setUpClass","labels":[{"name":"package","value":"Stepdefinition.TestRunner"},{"name":"testClass","value":"Stepdefinition.TestRunner"},{"name":"testMethod","value":"setUpClass"},{"name":"parentSuite","value":"Default suite"},{"name":"suite","value":"Default test"},{"name":"subSuite","value":"Stepdefinition.TestRunner"},{"name":"host","value":"INLEN8520042344"},{"name":"thread","value":"25376@INLEN8520042344.main(1)"},{"name":"framework","value":"testng"},{"name":"language","value":"java"}],"links":[]}